<<<<<<< HEAD
=======
c:\users\gameuser\documents\ai project\ai_ca1\ai_ca1\ai_ca1\x64\debug\vc141.pdb
>>>>>>> 5a23af2a8aee47d71dfeb0c50b03c267e0caa621
c:\users\jack\desktop\college\ai_ca1\ai_ca1\ai_ca1\x64\debug\vc141.pdb
c:\users\jack\desktop\college\ai_ca1\ai_ca1\ai_ca1\x64\debug\vc141.idb
c:\users\jack\desktop\college\ai_ca1\ai_ca1\ai_ca1\x64\debug\aliennest.obj
c:\users\jack\desktop\college\ai_ca1\ai_ca1\ai_ca1\x64\debug\basic.obj
c:\users\jack\desktop\college\ai_ca1\ai_ca1\ai_ca1\x64\debug\bullet.obj
c:\users\jack\desktop\college\ai_ca1\ai_ca1\ai_ca1\x64\debug\camera.obj
c:\users\jack\desktop\college\ai_ca1\ai_ca1\ai_ca1\x64\debug\collision.obj
<<<<<<< HEAD
c:\users\jack\desktop\college\ai_ca1\ai_ca1\ai_ca1\x64\debug\enemy.obj
=======
>>>>>>> 5a23af2a8aee47d71dfeb0c50b03c267e0caa621
c:\users\jack\desktop\college\ai_ca1\ai_ca1\ai_ca1\x64\debug\game.obj
c:\users\jack\desktop\college\ai_ca1\ai_ca1\ai_ca1\x64\debug\inputmanager.obj
c:\users\jack\desktop\college\ai_ca1\ai_ca1\ai_ca1\x64\debug\json.obj
c:\users\jack\desktop\college\ai_ca1\ai_ca1\ai_ca1\x64\debug\jsonvalue.obj
c:\users\jack\desktop\college\ai_ca1\ai_ca1\ai_ca1\x64\debug\levelloader.obj
c:\users\jack\desktop\college\ai_ca1\ai_ca1\ai_ca1\x64\debug\main.obj
c:\users\jack\desktop\college\ai_ca1\ai_ca1\ai_ca1\x64\debug\missile.obj
<<<<<<< HEAD
c:\users\jack\desktop\college\ai_ca1\ai_ca1\ai_ca1\x64\debug\path.obj
=======
>>>>>>> 5a23af2a8aee47d71dfeb0c50b03c267e0caa621
c:\users\jack\desktop\college\ai_ca1\ai_ca1\ai_ca1\x64\debug\player.obj
c:\users\jack\desktop\college\ai_ca1\ai_ca1\ai_ca1\x64\debug\rendersystem.obj
c:\users\jack\desktop\college\ai_ca1\ai_ca1\ai_ca1\x64\debug\scenemanager.obj
c:\users\jack\desktop\college\ai_ca1\ai_ca1\ai_ca1\x64\debug\testscene.obj
c:\users\jack\desktop\college\ai_ca1\ai_ca1\ai_ca1\x64\debug\textureloader.obj
c:\users\jack\desktop\college\ai_ca1\ai_ca1\ai_ca1\x64\debug\worker.obj
<<<<<<< HEAD
c:\users\jack\desktop\college\ai_ca1\ai_ca1\x64\debug\ai_ca1.exe
c:\users\jack\desktop\college\ai_ca1\ai_ca1\ai_ca1\x64\debug\ai_ca1.tlog\cl.command.1.tlog
c:\users\jack\desktop\college\ai_ca1\ai_ca1\ai_ca1\x64\debug\ai_ca1.tlog\cl.read.1.tlog
c:\users\jack\desktop\college\ai_ca1\ai_ca1\ai_ca1\x64\debug\ai_ca1.tlog\cl.write.1.tlog
=======
c:\users\gameuser\documents\ai project\ai_ca1\ai_ca1\x64\debug\ai_ca1.exe
c:\users\gameuser\documents\ai project\ai_ca1\ai_ca1\x64\debug\ai_ca1.ilk
c:\users\gameuser\documents\ai project\ai_ca1\ai_ca1\x64\debug\ai_ca1.pdb
c:\users\jack\desktop\college\ai_ca1\ai_ca1\ai_ca1\x64\debug\enemy.obj
c:\users\jack\desktop\college\ai_ca1\ai_ca1\ai_ca1\x64\debug\path.obj
c:\users\jack\desktop\college\ai_ca1\ai_ca1\x64\debug\ai_ca1.pdb
c:\users\jack\desktop\college\ai_ca1\ai_ca1\ai_ca1\x64\debug\ai_ca1.tlog\cl.command.1.tlog
c:\users\jack\desktop\college\ai_ca1\ai_ca1\ai_ca1\x64\debug\ai_ca1.tlog\cl.read.1.tlog
c:\users\jack\desktop\college\ai_ca1\ai_ca1\ai_ca1\x64\debug\ai_ca1.tlog\cl.write.1.tlog
c:\users\jack\desktop\college\ai_ca1\ai_ca1\ai_ca1\x64\debug\ai_ca1.tlog\link-cvtres.read.1.tlog
c:\users\jack\desktop\college\ai_ca1\ai_ca1\ai_ca1\x64\debug\ai_ca1.tlog\link-cvtres.write.1.tlog
c:\users\jack\desktop\college\ai_ca1\ai_ca1\ai_ca1\x64\debug\ai_ca1.tlog\link-rc.read.1.tlog
c:\users\jack\desktop\college\ai_ca1\ai_ca1\ai_ca1\x64\debug\ai_ca1.tlog\link-rc.write.1.tlog
>>>>>>> 5a23af2a8aee47d71dfeb0c50b03c267e0caa621
c:\users\jack\desktop\college\ai_ca1\ai_ca1\ai_ca1\x64\debug\ai_ca1.tlog\link.command.1.tlog
c:\users\jack\desktop\college\ai_ca1\ai_ca1\ai_ca1\x64\debug\ai_ca1.tlog\link.read.1.tlog
c:\users\jack\desktop\college\ai_ca1\ai_ca1\ai_ca1\x64\debug\ai_ca1.tlog\link.write.1.tlog
